2025-04-02 13:18:25,060 INFO BaseTest [main] Setting up WebDriver...
2025-04-02 13:18:26,063 DEBUG i.n.u.i.l.InternalLoggerFactory [main] Using Log4J2 as the default logging framework
2025-04-02 13:18:26,076 DEBUG i.n.u.ResourceLeakDetector [main] -Dio.netty.leakDetection.level: simple
2025-04-02 13:18:26,077 DEBUG i.n.u.ResourceLeakDetector [main] -Dio.netty.leakDetection.targetRecords: 4
2025-04-02 13:18:26,082 DEBUG i.n.u.ResourceLeakDetectorFactory$DefaultResourceLeakDetectorFactory [main] Loaded default ResourceLeakDetector: io.netty.util.ResourceLeakDetector@5793b87
2025-04-02 13:18:26,104 DEBUG i.n.u.i.PlatformDependent0 [main] -Dio.netty.noUnsafe: false
2025-04-02 13:18:26,105 DEBUG i.n.u.i.PlatformDependent0 [main] Java version: 11
2025-04-02 13:18:26,109 DEBUG i.n.u.i.PlatformDependent0 [main] sun.misc.Unsafe.theUnsafe: available
2025-04-02 13:18:26,109 DEBUG i.n.u.i.PlatformDependent0 [main] sun.misc.Unsafe.copyMemory: available
2025-04-02 13:18:26,110 DEBUG i.n.u.i.PlatformDependent0 [main] sun.misc.Unsafe.storeFence: available
2025-04-02 13:18:26,111 DEBUG i.n.u.i.PlatformDependent0 [main] java.nio.Buffer.address: available
2025-04-02 13:18:26,113 DEBUG i.n.u.i.PlatformDependent0 [main] direct buffer constructor: unavailable: Reflective setAccessible(true) disabled
2025-04-02 13:18:26,114 DEBUG i.n.u.i.PlatformDependent0 [main] java.nio.Bits.unaligned: available, true
2025-04-02 13:18:26,116 DEBUG i.n.u.i.PlatformDependent0 [main] jdk.internal.misc.Unsafe.allocateUninitializedArray(int): unavailable: class io.netty.util.internal.PlatformDependent0$7 cannot access class jdk.internal.misc.Unsafe (in module java.base) because module java.base does not export jdk.internal.misc to unnamed module @17dd671f
2025-04-02 13:18:26,117 DEBUG i.n.u.i.PlatformDependent0 [main] java.nio.DirectByteBuffer.<init>(long, int): unavailable
2025-04-02 13:18:26,117 DEBUG i.n.u.i.PlatformDependent [main] sun.misc.Unsafe: available
2025-04-02 13:18:26,118 DEBUG i.n.u.i.PlatformDependent [main] maxDirectMemory: 6392119296 bytes (maybe)
2025-04-02 13:18:26,119 DEBUG i.n.u.i.PlatformDependent [main] -Dio.netty.tmpdir: C:\Users\User\AppData\Local\Temp (java.io.tmpdir)
2025-04-02 13:18:26,119 DEBUG i.n.u.i.PlatformDependent [main] -Dio.netty.bitMode: 64 (sun.arch.data.model)
2025-04-02 13:18:26,120 DEBUG i.n.u.i.PlatformDependent [main] Platform: Windows
2025-04-02 13:18:26,122 DEBUG i.n.u.i.PlatformDependent [main] -Dio.netty.maxDirectMemory: -1 bytes
2025-04-02 13:18:26,123 DEBUG i.n.u.i.PlatformDependent [main] -Dio.netty.uninitializedArrayAllocationThreshold: -1
2025-04-02 13:18:26,124 DEBUG i.n.u.i.CleanerJava9 [main] java.nio.ByteBuffer.cleaner(): available
2025-04-02 13:18:26,125 DEBUG i.n.u.i.PlatformDependent [main] -Dio.netty.noPreferDirect: false
2025-04-02 13:18:26,134 DEBUG i.n.u.i.PlatformDependent$Mpsc [main] org.jctools-core.MpscChunkedArrayQueue: available
2025-04-02 13:18:26,156 DEBUG i.n.u.i.InternalThreadLocalMap [main] -Dio.netty.threadLocalMap.stringBuilder.initialSize: 1024
2025-04-02 13:18:26,156 DEBUG i.n.u.i.InternalThreadLocalMap [main] -Dio.netty.threadLocalMap.stringBuilder.maxSize: 4096
2025-04-02 13:18:26,190 DEBUG i.n.h.s.JdkSslContext [main] Default protocols (JDK): [TLSv1.3, TLSv1.2, TLSv1.1, TLSv1] 
2025-04-02 13:18:26,191 DEBUG i.n.h.s.JdkSslContext [main] Default cipher suites (JDK): [TLS_ECDHE_ECDSA_WITH_AES_256_GCM_SHA384, TLS_ECDHE_ECDSA_WITH_AES_128_GCM_SHA256, TLS_ECDHE_RSA_WITH_AES_128_GCM_SHA256, TLS_ECDHE_RSA_WITH_AES_256_GCM_SHA384, TLS_ECDHE_RSA_WITH_AES_128_CBC_SHA, TLS_ECDHE_RSA_WITH_AES_256_CBC_SHA, TLS_RSA_WITH_AES_128_GCM_SHA256, TLS_RSA_WITH_AES_128_CBC_SHA, TLS_RSA_WITH_AES_256_CBC_SHA, TLS_AES_128_GCM_SHA256, TLS_AES_256_GCM_SHA384]
2025-04-02 13:18:26,210 DEBUG i.n.u.c.GlobalEventExecutor [main] -Dio.netty.globalEventExecutor.quietPeriodSeconds: 1
2025-04-02 13:18:26,229 DEBUG i.n.c.MultithreadEventLoopGroup [main] -Dio.netty.eventLoopThreads: 16
2025-04-02 13:18:26,241 DEBUG i.n.c.n.NioEventLoop [main] -Dio.netty.noKeySetOptimization: false
2025-04-02 13:18:26,242 DEBUG i.n.c.n.NioEventLoop [main] -Dio.netty.selectorAutoRebuildThreshold: 512
2025-04-02 13:18:26,293 DEBUG i.n.b.PooledByteBufAllocator [main] -Dio.netty.allocator.numHeapArenas: 16
2025-04-02 13:18:26,294 DEBUG i.n.b.PooledByteBufAllocator [main] -Dio.netty.allocator.numDirectArenas: 16
2025-04-02 13:18:26,294 DEBUG i.n.b.PooledByteBufAllocator [main] -Dio.netty.allocator.pageSize: 8192
2025-04-02 13:18:26,294 DEBUG i.n.b.PooledByteBufAllocator [main] -Dio.netty.allocator.maxOrder: 9
2025-04-02 13:18:26,294 DEBUG i.n.b.PooledByteBufAllocator [main] -Dio.netty.allocator.chunkSize: 4194304
2025-04-02 13:18:26,295 DEBUG i.n.b.PooledByteBufAllocator [main] -Dio.netty.allocator.smallCacheSize: 256
2025-04-02 13:18:26,295 DEBUG i.n.b.PooledByteBufAllocator [main] -Dio.netty.allocator.normalCacheSize: 64
2025-04-02 13:18:26,295 DEBUG i.n.b.PooledByteBufAllocator [main] -Dio.netty.allocator.maxCachedBufferCapacity: 32768
2025-04-02 13:18:26,295 DEBUG i.n.b.PooledByteBufAllocator [main] -Dio.netty.allocator.cacheTrimInterval: 8192
2025-04-02 13:18:26,296 DEBUG i.n.b.PooledByteBufAllocator [main] -Dio.netty.allocator.cacheTrimIntervalMillis: 0
2025-04-02 13:18:26,296 DEBUG i.n.b.PooledByteBufAllocator [main] -Dio.netty.allocator.useCacheForAllThreads: false
2025-04-02 13:18:26,296 DEBUG i.n.b.PooledByteBufAllocator [main] -Dio.netty.allocator.maxCachedByteBuffersPerChunk: 1023
2025-04-02 13:18:26,311 DEBUG i.n.b.ByteBufUtil [main] -Dio.netty.allocator.type: pooled
2025-04-02 13:18:26,311 DEBUG i.n.b.ByteBufUtil [main] -Dio.netty.threadLocalDirectBufferSize: 0
2025-04-02 13:18:26,311 DEBUG i.n.b.ByteBufUtil [main] -Dio.netty.maxThreadLocalCharBufferSize: 16384
2025-04-02 13:18:26,669 DEBUG i.n.c.DefaultChannelId [Forwarding newSession on session null to remote] -Dio.netty.processId: 10756 (auto-detected)
2025-04-02 13:18:26,671 DEBUG i.n.u.NetUtil [Forwarding newSession on session null to remote] -Djava.net.preferIPv4Stack: false
2025-04-02 13:18:26,671 DEBUG i.n.u.NetUtil [Forwarding newSession on session null to remote] -Djava.net.preferIPv6Addresses: false
2025-04-02 13:18:26,930 DEBUG i.n.u.NetUtilInitializations [Forwarding newSession on session null to remote] Loopback interface: lo (Software Loopback Interface 1, 127.0.0.1)
2025-04-02 13:18:26,931 DEBUG i.n.u.NetUtil$SoMaxConnAction [Forwarding newSession on session null to remote] Failed to get SOMAXCONN from sysctl and file \proc\sys\net\core\somaxconn. Default: 200
2025-04-02 13:18:26,939 DEBUG i.n.c.DefaultChannelId [Forwarding newSession on session null to remote] -Dio.netty.machineId: 28:cd:c4:ff:fe:f2:3a:2f (auto-detected)
2025-04-02 13:18:26,987 DEBUG i.n.b.AbstractByteBuf [AsyncHttpClient-1-2] -Dio.netty.buffer.checkAccessible: true
2025-04-02 13:18:26,988 DEBUG i.n.b.AbstractByteBuf [AsyncHttpClient-1-2] -Dio.netty.buffer.checkBounds: true
2025-04-02 13:18:26,988 DEBUG i.n.u.ResourceLeakDetectorFactory$DefaultResourceLeakDetectorFactory [AsyncHttpClient-1-2] Loaded default ResourceLeakDetector: io.netty.util.ResourceLeakDetector@ebde6c5
2025-04-02 13:18:27,024 DEBUG i.n.u.Recycler [AsyncHttpClient-1-2] -Dio.netty.recycler.maxCapacityPerThread: 4096
2025-04-02 13:18:27,024 DEBUG i.n.u.Recycler [AsyncHttpClient-1-2] -Dio.netty.recycler.ratio: 8
2025-04-02 13:18:27,024 DEBUG i.n.u.Recycler [AsyncHttpClient-1-2] -Dio.netty.recycler.chunkSize: 32
2025-04-02 13:18:27,024 DEBUG i.n.u.Recycler [AsyncHttpClient-1-2] -Dio.netty.recycler.blocking: false
2025-04-02 13:18:27,025 DEBUG i.n.u.Recycler [AsyncHttpClient-1-2] -Dio.netty.recycler.batchFastThreadLocalOnly: true
2025-04-02 13:18:27,737 DEBUG i.n.h.c.c.Brotli [AsyncHttpClient-1-2] brotli4j not in the classpath; Brotli support will be unavailable.
2025-04-02 13:18:27,918 DEBUG i.n.u.i.ThreadLocalRandom [main] -Dio.netty.initialSeedUniquifier: 0x0a4ba4214d3c331c
2025-04-02 13:20:00,869 INFO BaseTest [main] Navigated to: baseUrl
2025-04-02 13:20:01,374 INFO Test [main] 123
2025-04-02 13:20:04,233 INFO Test [main] 111
2025-04-02 13:20:18,267 INFO BaseTest [main] Closing WebDriver...
