2025-04-02 13:11:36,009 INFO BaseTest [main] Setting up WebDriver...
2025-04-02 13:11:37,466 DEBUG i.n.u.i.l.InternalLoggerFactory [main] Using Log4J2 as the default logging framework
2025-04-02 13:11:37,481 DEBUG i.n.u.ResourceLeakDetector [main] -Dio.netty.leakDetection.level: simple
2025-04-02 13:11:37,482 DEBUG i.n.u.ResourceLeakDetector [main] -Dio.netty.leakDetection.targetRecords: 4
2025-04-02 13:11:37,487 DEBUG i.n.u.ResourceLeakDetectorFactory$DefaultResourceLeakDetectorFactory [main] Loaded default ResourceLeakDetector: io.netty.util.ResourceLeakDetector@6f70a21b
2025-04-02 13:11:37,511 DEBUG i.n.u.i.PlatformDependent0 [main] -Dio.netty.noUnsafe: false
2025-04-02 13:11:37,512 DEBUG i.n.u.i.PlatformDependent0 [main] Java version: 11
2025-04-02 13:11:37,517 DEBUG i.n.u.i.PlatformDependent0 [main] sun.misc.Unsafe.theUnsafe: available
2025-04-02 13:11:37,517 DEBUG i.n.u.i.PlatformDependent0 [main] sun.misc.Unsafe.copyMemory: available
2025-04-02 13:11:37,518 DEBUG i.n.u.i.PlatformDependent0 [main] sun.misc.Unsafe.storeFence: available
2025-04-02 13:11:37,519 DEBUG i.n.u.i.PlatformDependent0 [main] java.nio.Buffer.address: available
2025-04-02 13:11:37,521 DEBUG i.n.u.i.PlatformDependent0 [main] direct buffer constructor: unavailable: Reflective setAccessible(true) disabled
2025-04-02 13:11:37,523 DEBUG i.n.u.i.PlatformDependent0 [main] java.nio.Bits.unaligned: available, true
2025-04-02 13:11:37,524 DEBUG i.n.u.i.PlatformDependent0 [main] jdk.internal.misc.Unsafe.allocateUninitializedArray(int): unavailable: class io.netty.util.internal.PlatformDependent0$7 cannot access class jdk.internal.misc.Unsafe (in module java.base) because module java.base does not export jdk.internal.misc to unnamed module @2c88a3e8
2025-04-02 13:11:37,525 DEBUG i.n.u.i.PlatformDependent0 [main] java.nio.DirectByteBuffer.<init>(long, int): unavailable
2025-04-02 13:11:37,526 DEBUG i.n.u.i.PlatformDependent [main] sun.misc.Unsafe: available
2025-04-02 13:11:37,528 DEBUG i.n.u.i.PlatformDependent [main] maxDirectMemory: 6392119296 bytes (maybe)
2025-04-02 13:11:37,529 DEBUG i.n.u.i.PlatformDependent [main] -Dio.netty.tmpdir: C:\Users\User\AppData\Local\Temp (java.io.tmpdir)
2025-04-02 13:11:37,529 DEBUG i.n.u.i.PlatformDependent [main] -Dio.netty.bitMode: 64 (sun.arch.data.model)
2025-04-02 13:11:37,530 DEBUG i.n.u.i.PlatformDependent [main] Platform: Windows
2025-04-02 13:11:37,531 DEBUG i.n.u.i.PlatformDependent [main] -Dio.netty.maxDirectMemory: -1 bytes
2025-04-02 13:11:37,532 DEBUG i.n.u.i.PlatformDependent [main] -Dio.netty.uninitializedArrayAllocationThreshold: -1
2025-04-02 13:11:37,534 DEBUG i.n.u.i.CleanerJava9 [main] java.nio.ByteBuffer.cleaner(): available
2025-04-02 13:11:37,535 DEBUG i.n.u.i.PlatformDependent [main] -Dio.netty.noPreferDirect: false
2025-04-02 13:11:37,554 DEBUG i.n.u.i.PlatformDependent$Mpsc [main] org.jctools-core.MpscChunkedArrayQueue: available
2025-04-02 13:11:37,594 DEBUG i.n.u.i.InternalThreadLocalMap [main] -Dio.netty.threadLocalMap.stringBuilder.initialSize: 1024
2025-04-02 13:11:37,595 DEBUG i.n.u.i.InternalThreadLocalMap [main] -Dio.netty.threadLocalMap.stringBuilder.maxSize: 4096
2025-04-02 13:11:37,639 DEBUG i.n.h.s.JdkSslContext [main] Default protocols (JDK): [TLSv1.3, TLSv1.2, TLSv1.1, TLSv1] 
2025-04-02 13:11:37,641 DEBUG i.n.h.s.JdkSslContext [main] Default cipher suites (JDK): [TLS_ECDHE_ECDSA_WITH_AES_256_GCM_SHA384, TLS_ECDHE_ECDSA_WITH_AES_128_GCM_SHA256, TLS_ECDHE_RSA_WITH_AES_128_GCM_SHA256, TLS_ECDHE_RSA_WITH_AES_256_GCM_SHA384, TLS_ECDHE_RSA_WITH_AES_128_CBC_SHA, TLS_ECDHE_RSA_WITH_AES_256_CBC_SHA, TLS_RSA_WITH_AES_128_GCM_SHA256, TLS_RSA_WITH_AES_128_CBC_SHA, TLS_RSA_WITH_AES_256_CBC_SHA, TLS_AES_128_GCM_SHA256, TLS_AES_256_GCM_SHA384]
2025-04-02 13:11:37,665 DEBUG i.n.u.c.GlobalEventExecutor [main] -Dio.netty.globalEventExecutor.quietPeriodSeconds: 1
2025-04-02 13:11:37,682 DEBUG i.n.c.MultithreadEventLoopGroup [main] -Dio.netty.eventLoopThreads: 16
2025-04-02 13:11:37,695 DEBUG i.n.c.n.NioEventLoop [main] -Dio.netty.noKeySetOptimization: false
2025-04-02 13:11:37,696 DEBUG i.n.c.n.NioEventLoop [main] -Dio.netty.selectorAutoRebuildThreshold: 512
2025-04-02 13:11:37,768 DEBUG i.n.b.PooledByteBufAllocator [main] -Dio.netty.allocator.numHeapArenas: 16
2025-04-02 13:11:37,769 DEBUG i.n.b.PooledByteBufAllocator [main] -Dio.netty.allocator.numDirectArenas: 16
2025-04-02 13:11:37,769 DEBUG i.n.b.PooledByteBufAllocator [main] -Dio.netty.allocator.pageSize: 8192
2025-04-02 13:11:37,770 DEBUG i.n.b.PooledByteBufAllocator [main] -Dio.netty.allocator.maxOrder: 9
2025-04-02 13:11:37,771 DEBUG i.n.b.PooledByteBufAllocator [main] -Dio.netty.allocator.chunkSize: 4194304
2025-04-02 13:11:37,771 DEBUG i.n.b.PooledByteBufAllocator [main] -Dio.netty.allocator.smallCacheSize: 256
2025-04-02 13:11:37,771 DEBUG i.n.b.PooledByteBufAllocator [main] -Dio.netty.allocator.normalCacheSize: 64
2025-04-02 13:11:37,772 DEBUG i.n.b.PooledByteBufAllocator [main] -Dio.netty.allocator.maxCachedBufferCapacity: 32768
2025-04-02 13:11:37,772 DEBUG i.n.b.PooledByteBufAllocator [main] -Dio.netty.allocator.cacheTrimInterval: 8192
2025-04-02 13:11:37,772 DEBUG i.n.b.PooledByteBufAllocator [main] -Dio.netty.allocator.cacheTrimIntervalMillis: 0
2025-04-02 13:11:37,773 DEBUG i.n.b.PooledByteBufAllocator [main] -Dio.netty.allocator.useCacheForAllThreads: false
2025-04-02 13:11:37,773 DEBUG i.n.b.PooledByteBufAllocator [main] -Dio.netty.allocator.maxCachedByteBuffersPerChunk: 1023
2025-04-02 13:11:37,801 DEBUG i.n.b.ByteBufUtil [main] -Dio.netty.allocator.type: pooled
2025-04-02 13:11:37,802 DEBUG i.n.b.ByteBufUtil [main] -Dio.netty.threadLocalDirectBufferSize: 0
2025-04-02 13:11:37,802 DEBUG i.n.b.ByteBufUtil [main] -Dio.netty.maxThreadLocalCharBufferSize: 16384
2025-04-02 13:11:38,322 DEBUG i.n.c.DefaultChannelId [Forwarding newSession on session null to remote] -Dio.netty.processId: 13124 (auto-detected)
2025-04-02 13:11:38,328 DEBUG i.n.u.NetUtil [Forwarding newSession on session null to remote] -Djava.net.preferIPv4Stack: false
2025-04-02 13:11:38,329 DEBUG i.n.u.NetUtil [Forwarding newSession on session null to remote] -Djava.net.preferIPv6Addresses: false
2025-04-02 13:11:39,020 DEBUG i.n.u.NetUtilInitializations [Forwarding newSession on session null to remote] Loopback interface: lo (Software Loopback Interface 1, 127.0.0.1)
2025-04-02 13:11:39,024 DEBUG i.n.u.NetUtil$SoMaxConnAction [Forwarding newSession on session null to remote] Failed to get SOMAXCONN from sysctl and file \proc\sys\net\core\somaxconn. Default: 200
2025-04-02 13:11:39,054 DEBUG i.n.c.DefaultChannelId [Forwarding newSession on session null to remote] -Dio.netty.machineId: 28:cd:c4:ff:fe:f2:3a:2f (auto-detected)
2025-04-02 13:11:39,168 DEBUG i.n.b.AbstractByteBuf [AsyncHttpClient-1-2] -Dio.netty.buffer.checkAccessible: true
2025-04-02 13:11:39,169 DEBUG i.n.b.AbstractByteBuf [AsyncHttpClient-1-2] -Dio.netty.buffer.checkBounds: true
2025-04-02 13:11:39,170 DEBUG i.n.u.ResourceLeakDetectorFactory$DefaultResourceLeakDetectorFactory [AsyncHttpClient-1-2] Loaded default ResourceLeakDetector: io.netty.util.ResourceLeakDetector@5232baf9
2025-04-02 13:11:39,211 DEBUG i.n.u.Recycler [AsyncHttpClient-1-2] -Dio.netty.recycler.maxCapacityPerThread: 4096
2025-04-02 13:11:39,212 DEBUG i.n.u.Recycler [AsyncHttpClient-1-2] -Dio.netty.recycler.ratio: 8
2025-04-02 13:11:39,212 DEBUG i.n.u.Recycler [AsyncHttpClient-1-2] -Dio.netty.recycler.chunkSize: 32
2025-04-02 13:11:39,213 DEBUG i.n.u.Recycler [AsyncHttpClient-1-2] -Dio.netty.recycler.blocking: false
2025-04-02 13:11:39,213 DEBUG i.n.u.Recycler [AsyncHttpClient-1-2] -Dio.netty.recycler.batchFastThreadLocalOnly: true
2025-04-02 13:11:39,861 DEBUG i.n.h.c.c.Brotli [AsyncHttpClient-1-2] brotli4j not in the classpath; Brotli support will be unavailable.
2025-04-02 13:11:40,011 DEBUG i.n.u.i.ThreadLocalRandom [main] -Dio.netty.initialSeedUniquifier: 0x10251e39cfd0daf0
